<?xml version="1.0" encoding="UTF-8"?>
<testsuite xmlns:xsi="http://www.w3.org/2001/XMLSchema-instance" xsi:noNamespaceSchemaLocation="https://maven.apache.org/surefire/maven-surefire-plugin/xsd/surefire-test-report-3.0.xsd" version="3.0" name="com.udacity.catpoint.security.service.SecuritySystemServiceTest" time="0.825" tests="14" errors="0" skipped="0" failures="0">
  <properties>
[...]
</properties>
  <testcase name="armingSystem_resetsSensors(ArmingState)[1]" classname="com.udacity.catpoint.security.service.SecuritySystemServiceTest" time="0.574"/>
  <testcase name="armingSystem_resetsSensors(ArmingState)[2]" classname="com.udacity.catpoint.security.service.SecuritySystemServiceTest" time="0.007"/>
  <testcase name="alarmState_sensorChanges_doNotAffectAlarm" classname="com.udacity.catpoint.security.service.SecuritySystemServiceTest" time="0.014"/>
  <testcase name="armedHome_catDetected_setsAlarm" classname="com.udacity.catpoint.security.service.SecuritySystemServiceTest" time="0.118"/>
  <testcase name="noCatAndNoActiveSensors_setsNoAlarm" classname="com.udacity.catpoint.security.service.SecuritySystemServiceTest" time="0.004"/>
  <testcase name="catDetectedBeforeArmingHome_setsAlarm" classname="com.udacity.catpoint.security.service.SecuritySystemServiceTest" time="0.003"/>
  <testcase name="armedSystem_sensorActivated_setsPendingAlarm(ArmingState)[1]" classname="com.udacity.catpoint.security.service.SecuritySystemServiceTest" time="0.003"/>
  <testcase name="armedSystem_sensorActivated_setsPendingAlarm(ArmingState)[2]" classname="com.udacity.catpoint.security.service.SecuritySystemServiceTest" time="0.006"/>
  <testcase name="deactivatingInactiveSensor_noAlarmChange" classname="com.udacity.catpoint.security.service.SecuritySystemServiceTest" time="0.002"/>
  <testcase name="disarmingSystem_setsNoAlarm" classname="com.udacity.catpoint.security.service.SecuritySystemServiceTest" time="0.001"/>
  <testcase name="pendingAlarm_activatingAlreadyActiveSensor_setsAlarm" classname="com.udacity.catpoint.security.service.SecuritySystemServiceTest" time="0.002"/>
  <testcase name="pendingAlarm_allSensorsInactive_setsNoAlarm" classname="com.udacity.catpoint.security.service.SecuritySystemServiceTest" time="0.003"/>
  <testcase name="pendingAlarm_sensorActivated_setsAlarm(ArmingState)[1]" classname="com.udacity.catpoint.security.service.SecuritySystemServiceTest" time="0.003"/>
  <testcase name="pendingAlarm_sensorActivated_setsAlarm(ArmingState)[2]" classname="com.udacity.catpoint.security.service.SecuritySystemServiceTest" time="0.002"/>
</testsuite>